<?xml version="1.0" encoding="UTF-8"?>
<testsuite xmlns:xsi="http://www.w3.org/2001/XMLSchema-instance" xsi:noNamespaceSchemaLocation="https://maven.apache.org/surefire/maven-surefire-plugin/xsd/surefire-test-report-3.0.xsd" version="3.0" name="TestSuite" time="54.183" tests="1" errors="0" skipped="0" failures="0">
  <properties>
    <property name="gopherProxySet" value="false"/>
    <property name="awt.toolkit" value="sun.lwawt.macosx.LWCToolkit"/>
    <property name="file.encoding.pkg" value="sun.io"/>
    <property name="java.specification.version" value="1.8"/>
    <property name="sun.cpu.isalist" value=""/>
    <property name="sun.jnu.encoding" value="UTF-8"/>
    <property name="java.class.path" value="/Users/adhokshnayak/eclipse-workspace/86400BankTest/target/test-classes:/Users/adhokshnayak/eclipse-workspace/86400BankTest/target/classes:/Users/adhokshnayak/.m2/repository/org/seleniumhq/selenium/selenium-java/3.141.59/selenium-java-3.141.59.jar:/Users/adhokshnayak/.m2/repository/org/seleniumhq/selenium/selenium-api/3.141.59/selenium-api-3.141.59.jar:/Users/adhokshnayak/.m2/repository/org/seleniumhq/selenium/selenium-chrome-driver/3.141.59/selenium-chrome-driver-3.141.59.jar:/Users/adhokshnayak/.m2/repository/org/seleniumhq/selenium/selenium-edge-driver/3.141.59/selenium-edge-driver-3.141.59.jar:/Users/adhokshnayak/.m2/repository/org/seleniumhq/selenium/selenium-firefox-driver/3.141.59/selenium-firefox-driver-3.141.59.jar:/Users/adhokshnayak/.m2/repository/org/seleniumhq/selenium/selenium-ie-driver/3.141.59/selenium-ie-driver-3.141.59.jar:/Users/adhokshnayak/.m2/repository/org/seleniumhq/selenium/selenium-opera-driver/3.141.59/selenium-opera-driver-3.141.59.jar:/Users/adhokshnayak/.m2/repository/org/seleniumhq/selenium/selenium-remote-driver/3.141.59/selenium-remote-driver-3.141.59.jar:/Users/adhokshnayak/.m2/repository/org/seleniumhq/selenium/selenium-safari-driver/3.141.59/selenium-safari-driver-3.141.59.jar:/Users/adhokshnayak/.m2/repository/org/seleniumhq/selenium/selenium-support/3.141.59/selenium-support-3.141.59.jar:/Users/adhokshnayak/.m2/repository/net/bytebuddy/byte-buddy/1.8.15/byte-buddy-1.8.15.jar:/Users/adhokshnayak/.m2/repository/org/apache/commons/commons-exec/1.3/commons-exec-1.3.jar:/Users/adhokshnayak/.m2/repository/com/google/guava/guava/25.0-jre/guava-25.0-jre.jar:/Users/adhokshnayak/.m2/repository/com/google/code/findbugs/jsr305/1.3.9/jsr305-1.3.9.jar:/Users/adhokshnayak/.m2/repository/org/checkerframework/checker-compat-qual/2.0.0/checker-compat-qual-2.0.0.jar:/Users/adhokshnayak/.m2/repository/com/google/errorprone/error_prone_annotations/2.1.3/error_prone_annotations-2.1.3.jar:/Users/adhokshnayak/.m2/repository/com/google/j2objc/j2objc-annotations/1.1/j2objc-annotations-1.1.jar:/Users/adhokshnayak/.m2/repository/org/codehaus/mojo/animal-sniffer-annotations/1.14/animal-sniffer-annotations-1.14.jar:/Users/adhokshnayak/.m2/repository/com/squareup/okhttp3/okhttp/3.11.0/okhttp-3.11.0.jar:/Users/adhokshnayak/.m2/repository/com/squareup/okio/okio/1.14.0/okio-1.14.0.jar:/Users/adhokshnayak/.m2/repository/io/appium/java-client/7.2.0/java-client-7.2.0.jar:/Users/adhokshnayak/.m2/repository/com/google/code/gson/gson/2.8.5/gson-2.8.5.jar:/Users/adhokshnayak/.m2/repository/org/apache/httpcomponents/httpclient/4.5.9/httpclient-4.5.9.jar:/Users/adhokshnayak/.m2/repository/org/apache/httpcomponents/httpcore/4.4.11/httpcore-4.4.11.jar:/Users/adhokshnayak/.m2/repository/commons-logging/commons-logging/1.2/commons-logging-1.2.jar:/Users/adhokshnayak/.m2/repository/cglib/cglib/3.2.12/cglib-3.2.12.jar:/Users/adhokshnayak/.m2/repository/org/ow2/asm/asm/7.1/asm-7.1.jar:/Users/adhokshnayak/.m2/repository/commons-validator/commons-validator/1.6/commons-validator-1.6.jar:/Users/adhokshnayak/.m2/repository/commons-beanutils/commons-beanutils/1.9.2/commons-beanutils-1.9.2.jar:/Users/adhokshnayak/.m2/repository/commons-digester/commons-digester/1.8.1/commons-digester-1.8.1.jar:/Users/adhokshnayak/.m2/repository/org/apache/commons/commons-lang3/3.9/commons-lang3-3.9.jar:/Users/adhokshnayak/.m2/repository/commons-io/commons-io/2.6/commons-io-2.6.jar:/Users/adhokshnayak/.m2/repository/org/springframework/spring-context/5.1.8.RELEASE/spring-context-5.1.8.RELEASE.jar:/Users/adhokshnayak/.m2/repository/org/springframework/spring-aop/5.1.8.RELEASE/spring-aop-5.1.8.RELEASE.jar:/Users/adhokshnayak/.m2/repository/org/springframework/spring-beans/5.1.8.RELEASE/spring-beans-5.1.8.RELEASE.jar:/Users/adhokshnayak/.m2/repository/org/springframework/spring-core/5.1.8.RELEASE/spring-core-5.1.8.RELEASE.jar:/Users/adhokshnayak/.m2/repository/org/springframework/spring-jcl/5.1.8.RELEASE/spring-jcl-5.1.8.RELEASE.jar:/Users/adhokshnayak/.m2/repository/org/springframework/spring-expression/5.1.8.RELEASE/spring-expression-5.1.8.RELEASE.jar:/Users/adhokshnayak/.m2/repository/org/aspectj/aspectjweaver/1.9.4/aspectjweaver-1.9.4.jar:/Users/adhokshnayak/.m2/repository/org/slf4j/slf4j-api/1.7.26/slf4j-api-1.7.26.jar:/Users/adhokshnayak/.m2/repository/org/testng/testng/7.0.0/testng-7.0.0.jar:/Users/adhokshnayak/.m2/repository/com/beust/jcommander/1.72/jcommander-1.72.jar:/Users/adhokshnayak/.m2/repository/log4j/log4j/1.2.17/log4j-1.2.17.jar:/Users/adhokshnayak/.m2/repository/org/apache/poi/poi/4.1.0/poi-4.1.0.jar:/Users/adhokshnayak/.m2/repository/commons-codec/commons-codec/1.12/commons-codec-1.12.jar:/Users/adhokshnayak/.m2/repository/org/apache/commons/commons-collections4/4.3/commons-collections4-4.3.jar:/Users/adhokshnayak/.m2/repository/org/apache/commons/commons-math3/3.6.1/commons-math3-3.6.1.jar:/Users/adhokshnayak/.m2/repository/dom4j/dom4j/1.6.1/dom4j-1.6.1.jar:/Users/adhokshnayak/.m2/repository/xml-apis/xml-apis/1.0.b2/xml-apis-1.0.b2.jar:/Users/adhokshnayak/.m2/repository/org/apache/poi/poi-ooxml/4.1.0/poi-ooxml-4.1.0.jar:/Users/adhokshnayak/.m2/repository/org/apache/commons/commons-compress/1.18/commons-compress-1.18.jar:/Users/adhokshnayak/.m2/repository/com/github/virtuald/curvesapi/1.06/curvesapi-1.06.jar:/Users/adhokshnayak/.m2/repository/org/apache/poi/poi-ooxml-schemas/4.1.0/poi-ooxml-schemas-4.1.0.jar:/Users/adhokshnayak/.m2/repository/org/apache/xmlbeans/xmlbeans/3.1.0/xmlbeans-3.1.0.jar:/Users/adhokshnayak/.m2/repository/com/aventstack/extentreports/3.1.5/extentreports-3.1.5.jar:/Users/adhokshnayak/.m2/repository/org/freemarker/freemarker/2.3.23/freemarker-2.3.23.jar:/Users/adhokshnayak/.m2/repository/org/mongodb/mongodb-driver/3.3.0/mongodb-driver-3.3.0.jar:/Users/adhokshnayak/.m2/repository/org/mongodb/bson/3.3.0/bson-3.3.0.jar:/Users/adhokshnayak/.m2/repository/org/mongodb/mongodb-driver-core/3.3.0/mongodb-driver-core-3.3.0.jar:/Users/adhokshnayak/.m2/repository/org/apache/httpcomponents/httpmime/4.5.2/httpmime-4.5.2.jar:/Users/adhokshnayak/.m2/repository/org/jsoup/jsoup/1.9.2/jsoup-1.9.2.jar:/Users/adhokshnayak/.m2/repository/io/github/bonigarcia/webdrivermanager/3.7.1/webdrivermanager-3.7.1.jar:/Users/adhokshnayak/.m2/repository/org/rauschig/jarchivelib/1.0.0/jarchivelib-1.0.0.jar:/Users/adhokshnayak/.m2/repository/info/cukes/cucumber-html/0.2.3/cucumber-html-0.2.3.jar:/Users/adhokshnayak/.m2/repository/net/masterthought/cucumber-reporting/4.11.2/cucumber-reporting-4.11.2.jar:/Users/adhokshnayak/.m2/repository/com/fasterxml/jackson/core/jackson-databind/2.9.9.3/jackson-databind-2.9.9.3.jar:/Users/adhokshnayak/.m2/repository/com/fasterxml/jackson/core/jackson-annotations/2.9.0/jackson-annotations-2.9.0.jar:/Users/adhokshnayak/.m2/repository/com/fasterxml/jackson/core/jackson-core/2.9.9/jackson-core-2.9.9.jar:/Users/adhokshnayak/.m2/repository/org/apache/velocity/velocity/1.7/velocity-1.7.jar:/Users/adhokshnayak/.m2/repository/commons-lang/commons-lang/2.4/commons-lang-2.4.jar:/Users/adhokshnayak/.m2/repository/commons-collections/commons-collections/3.2.2/commons-collections-3.2.2.jar:/Users/adhokshnayak/.m2/repository/velocity-tools/velocity-tools/1.4/velocity-tools-1.4.jar:/Users/adhokshnayak/.m2/repository/joda-time/joda-time/2.10.2/joda-time-2.10.2.jar:/Users/adhokshnayak/.m2/repository/org/codehaus/plexus/plexus-utils/3.2.0/plexus-utils-3.2.0.jar:/Users/adhokshnayak/.m2/repository/com/googlecode/owasp-java-html-sanitizer/owasp-java-html-sanitizer/20190610.1/owasp-java-html-sanitizer-20190610.1.jar:/Users/adhokshnayak/.m2/repository/commons-configuration/commons-configuration/1.10/commons-configuration-1.10.jar:/Users/adhokshnayak/.m2/repository/io/cucumber/cucumber-core/1.2.6/cucumber-core-1.2.6.jar:/Users/adhokshnayak/.m2/repository/info/cukes/gherkin/2.12.2/gherkin-2.12.2.jar:/Users/adhokshnayak/.m2/repository/info/cukes/cucumber-jvm-deps/1.0.5/cucumber-jvm-deps-1.0.5.jar:/Users/adhokshnayak/.m2/repository/io/cucumber/cucumber-junit/1.2.6/cucumber-junit-1.2.6.jar:/Users/adhokshnayak/.m2/repository/io/cucumber/cucumber-picocontainer/1.2.6/cucumber-picocontainer-1.2.6.jar:/Users/adhokshnayak/.m2/repository/io/cucumber/cucumber-java/1.2.6/cucumber-java-1.2.6.jar:/Users/adhokshnayak/.m2/repository/org/picocontainer/picocontainer/2.15/picocontainer-2.15.jar:/Users/adhokshnayak/.m2/repository/junit/junit/4.12/junit-4.12.jar:/Users/adhokshnayak/.m2/repository/org/hamcrest/hamcrest-core/1.3/hamcrest-core-1.3.jar:/Users/adhokshnayak/.m2/repository/io/cucumber/cucumber-testng/1.2.6/cucumber-testng-1.2.6.jar:/Users/adhokshnayak/.m2/repository/com/vimalselvam/cucumber-extentsreport/3.0.2/cucumber-extentsreport-3.0.2.jar:/Users/adhokshnayak/.m2/repository/org/apache/maven/shared/file-management/1.2.1/file-management-1.2.1.jar:/Users/adhokshnayak/.m2/repository/org/apache/maven/maven-plugin-api/2.0.6/maven-plugin-api-2.0.6.jar:/Users/adhokshnayak/.m2/repository/org/apache/maven/shared/maven-shared-io/1.1/maven-shared-io-1.1.jar:/Users/adhokshnayak/.m2/repository/org/apache/maven/maven-artifact/2.0.2/maven-artifact-2.0.2.jar:/Users/adhokshnayak/.m2/repository/org/apache/maven/maven-artifact-manager/2.0.2/maven-artifact-manager-2.0.2.jar:/Users/adhokshnayak/.m2/repository/org/apache/maven/maven-repository-metadata/2.0.2/maven-repository-metadata-2.0.2.jar:/Users/adhokshnayak/.m2/repository/org/apache/maven/wagon/wagon-provider-api/1.0-alpha-6/wagon-provider-api-1.0-alpha-6.jar:/Users/adhokshnayak/.m2/repository/org/codehaus/plexus/plexus-container-default/1.0-alpha-9/plexus-container-default-1.0-alpha-9.jar:/Users/adhokshnayak/.m2/repository/classworlds/classworlds/1.1-alpha-2/classworlds-1.1-alpha-2.jar:"/>
    <property name="java.vm.vendor" value="Oracle Corporation"/>
    <property name="sun.arch.data.model" value="64"/>
    <property name="java.vendor.url" value="http://java.oracle.com/"/>
    <property name="user.timezone" value=""/>
    <property name="java.vm.specification.version" value="1.8"/>
    <property name="os.name" value="Mac OS X"/>
    <property name="user.country" value="AU"/>
    <property name="sun.java.launcher" value="SUN_STANDARD"/>
    <property name="sun.boot.library.path" value="/Library/Java/JavaVirtualMachines/jdk1.8.0_231.jdk/Contents/Home/jre/lib"/>
    <property name="sun.java.command" value="/Users/adhokshnayak/eclipse-workspace/86400BankTest/target/surefire/surefirebooter6283199310677073090.jar /Users/adhokshnayak/eclipse-workspace/86400BankTest/target/surefire 2019-11-26T11-13-10_548-jvmRun1 surefire6980598966239009703tmp surefire_05861613938671207943tmp"/>
    <property name="http.nonProxyHosts" value="local|*.local|169.254/16|*.169.254/16"/>
    <property name="surefire.test.class.path" value="/Users/adhokshnayak/eclipse-workspace/86400BankTest/target/test-classes:/Users/adhokshnayak/eclipse-workspace/86400BankTest/target/classes:/Users/adhokshnayak/.m2/repository/org/seleniumhq/selenium/selenium-java/3.141.59/selenium-java-3.141.59.jar:/Users/adhokshnayak/.m2/repository/org/seleniumhq/selenium/selenium-api/3.141.59/selenium-api-3.141.59.jar:/Users/adhokshnayak/.m2/repository/org/seleniumhq/selenium/selenium-chrome-driver/3.141.59/selenium-chrome-driver-3.141.59.jar:/Users/adhokshnayak/.m2/repository/org/seleniumhq/selenium/selenium-edge-driver/3.141.59/selenium-edge-driver-3.141.59.jar:/Users/adhokshnayak/.m2/repository/org/seleniumhq/selenium/selenium-firefox-driver/3.141.59/selenium-firefox-driver-3.141.59.jar:/Users/adhokshnayak/.m2/repository/org/seleniumhq/selenium/selenium-ie-driver/3.141.59/selenium-ie-driver-3.141.59.jar:/Users/adhokshnayak/.m2/repository/org/seleniumhq/selenium/selenium-opera-driver/3.141.59/selenium-opera-driver-3.141.59.jar:/Users/adhokshnayak/.m2/repository/org/seleniumhq/selenium/selenium-remote-driver/3.141.59/selenium-remote-driver-3.141.59.jar:/Users/adhokshnayak/.m2/repository/org/seleniumhq/selenium/selenium-safari-driver/3.141.59/selenium-safari-driver-3.141.59.jar:/Users/adhokshnayak/.m2/repository/org/seleniumhq/selenium/selenium-support/3.141.59/selenium-support-3.141.59.jar:/Users/adhokshnayak/.m2/repository/net/bytebuddy/byte-buddy/1.8.15/byte-buddy-1.8.15.jar:/Users/adhokshnayak/.m2/repository/org/apache/commons/commons-exec/1.3/commons-exec-1.3.jar:/Users/adhokshnayak/.m2/repository/com/google/guava/guava/25.0-jre/guava-25.0-jre.jar:/Users/adhokshnayak/.m2/repository/com/google/code/findbugs/jsr305/1.3.9/jsr305-1.3.9.jar:/Users/adhokshnayak/.m2/repository/org/checkerframework/checker-compat-qual/2.0.0/checker-compat-qual-2.0.0.jar:/Users/adhokshnayak/.m2/repository/com/google/errorprone/error_prone_annotations/2.1.3/error_prone_annotations-2.1.3.jar:/Users/adhokshnayak/.m2/repository/com/google/j2objc/j2objc-annotations/1.1/j2objc-annotations-1.1.jar:/Users/adhokshnayak/.m2/repository/org/codehaus/mojo/animal-sniffer-annotations/1.14/animal-sniffer-annotations-1.14.jar:/Users/adhokshnayak/.m2/repository/com/squareup/okhttp3/okhttp/3.11.0/okhttp-3.11.0.jar:/Users/adhokshnayak/.m2/repository/com/squareup/okio/okio/1.14.0/okio-1.14.0.jar:/Users/adhokshnayak/.m2/repository/io/appium/java-client/7.2.0/java-client-7.2.0.jar:/Users/adhokshnayak/.m2/repository/com/google/code/gson/gson/2.8.5/gson-2.8.5.jar:/Users/adhokshnayak/.m2/repository/org/apache/httpcomponents/httpclient/4.5.9/httpclient-4.5.9.jar:/Users/adhokshnayak/.m2/repository/org/apache/httpcomponents/httpcore/4.4.11/httpcore-4.4.11.jar:/Users/adhokshnayak/.m2/repository/commons-logging/commons-logging/1.2/commons-logging-1.2.jar:/Users/adhokshnayak/.m2/repository/cglib/cglib/3.2.12/cglib-3.2.12.jar:/Users/adhokshnayak/.m2/repository/org/ow2/asm/asm/7.1/asm-7.1.jar:/Users/adhokshnayak/.m2/repository/commons-validator/commons-validator/1.6/commons-validator-1.6.jar:/Users/adhokshnayak/.m2/repository/commons-beanutils/commons-beanutils/1.9.2/commons-beanutils-1.9.2.jar:/Users/adhokshnayak/.m2/repository/commons-digester/commons-digester/1.8.1/commons-digester-1.8.1.jar:/Users/adhokshnayak/.m2/repository/org/apache/commons/commons-lang3/3.9/commons-lang3-3.9.jar:/Users/adhokshnayak/.m2/repository/commons-io/commons-io/2.6/commons-io-2.6.jar:/Users/adhokshnayak/.m2/repository/org/springframework/spring-context/5.1.8.RELEASE/spring-context-5.1.8.RELEASE.jar:/Users/adhokshnayak/.m2/repository/org/springframework/spring-aop/5.1.8.RELEASE/spring-aop-5.1.8.RELEASE.jar:/Users/adhokshnayak/.m2/repository/org/springframework/spring-beans/5.1.8.RELEASE/spring-beans-5.1.8.RELEASE.jar:/Users/adhokshnayak/.m2/repository/org/springframework/spring-core/5.1.8.RELEASE/spring-core-5.1.8.RELEASE.jar:/Users/adhokshnayak/.m2/repository/org/springframework/spring-jcl/5.1.8.RELEASE/spring-jcl-5.1.8.RELEASE.jar:/Users/adhokshnayak/.m2/repository/org/springframework/spring-expression/5.1.8.RELEASE/spring-expression-5.1.8.RELEASE.jar:/Users/adhokshnayak/.m2/repository/org/aspectj/aspectjweaver/1.9.4/aspectjweaver-1.9.4.jar:/Users/adhokshnayak/.m2/repository/org/slf4j/slf4j-api/1.7.26/slf4j-api-1.7.26.jar:/Users/adhokshnayak/.m2/repository/org/testng/testng/7.0.0/testng-7.0.0.jar:/Users/adhokshnayak/.m2/repository/com/beust/jcommander/1.72/jcommander-1.72.jar:/Users/adhokshnayak/.m2/repository/log4j/log4j/1.2.17/log4j-1.2.17.jar:/Users/adhokshnayak/.m2/repository/org/apache/poi/poi/4.1.0/poi-4.1.0.jar:/Users/adhokshnayak/.m2/repository/commons-codec/commons-codec/1.12/commons-codec-1.12.jar:/Users/adhokshnayak/.m2/repository/org/apache/commons/commons-collections4/4.3/commons-collections4-4.3.jar:/Users/adhokshnayak/.m2/repository/org/apache/commons/commons-math3/3.6.1/commons-math3-3.6.1.jar:/Users/adhokshnayak/.m2/repository/dom4j/dom4j/1.6.1/dom4j-1.6.1.jar:/Users/adhokshnayak/.m2/repository/xml-apis/xml-apis/1.0.b2/xml-apis-1.0.b2.jar:/Users/adhokshnayak/.m2/repository/org/apache/poi/poi-ooxml/4.1.0/poi-ooxml-4.1.0.jar:/Users/adhokshnayak/.m2/repository/org/apache/commons/commons-compress/1.18/commons-compress-1.18.jar:/Users/adhokshnayak/.m2/repository/com/github/virtuald/curvesapi/1.06/curvesapi-1.06.jar:/Users/adhokshnayak/.m2/repository/org/apache/poi/poi-ooxml-schemas/4.1.0/poi-ooxml-schemas-4.1.0.jar:/Users/adhokshnayak/.m2/repository/org/apache/xmlbeans/xmlbeans/3.1.0/xmlbeans-3.1.0.jar:/Users/adhokshnayak/.m2/repository/com/aventstack/extentreports/3.1.5/extentreports-3.1.5.jar:/Users/adhokshnayak/.m2/repository/org/freemarker/freemarker/2.3.23/freemarker-2.3.23.jar:/Users/adhokshnayak/.m2/repository/org/mongodb/mongodb-driver/3.3.0/mongodb-driver-3.3.0.jar:/Users/adhokshnayak/.m2/repository/org/mongodb/bson/3.3.0/bson-3.3.0.jar:/Users/adhokshnayak/.m2/repository/org/mongodb/mongodb-driver-core/3.3.0/mongodb-driver-core-3.3.0.jar:/Users/adhokshnayak/.m2/repository/org/apache/httpcomponents/httpmime/4.5.2/httpmime-4.5.2.jar:/Users/adhokshnayak/.m2/repository/org/jsoup/jsoup/1.9.2/jsoup-1.9.2.jar:/Users/adhokshnayak/.m2/repository/io/github/bonigarcia/webdrivermanager/3.7.1/webdrivermanager-3.7.1.jar:/Users/adhokshnayak/.m2/repository/org/rauschig/jarchivelib/1.0.0/jarchivelib-1.0.0.jar:/Users/adhokshnayak/.m2/repository/info/cukes/cucumber-html/0.2.3/cucumber-html-0.2.3.jar:/Users/adhokshnayak/.m2/repository/net/masterthought/cucumber-reporting/4.11.2/cucumber-reporting-4.11.2.jar:/Users/adhokshnayak/.m2/repository/com/fasterxml/jackson/core/jackson-databind/2.9.9.3/jackson-databind-2.9.9.3.jar:/Users/adhokshnayak/.m2/repository/com/fasterxml/jackson/core/jackson-annotations/2.9.0/jackson-annotations-2.9.0.jar:/Users/adhokshnayak/.m2/repository/com/fasterxml/jackson/core/jackson-core/2.9.9/jackson-core-2.9.9.jar:/Users/adhokshnayak/.m2/repository/org/apache/velocity/velocity/1.7/velocity-1.7.jar:/Users/adhokshnayak/.m2/repository/commons-lang/commons-lang/2.4/commons-lang-2.4.jar:/Users/adhokshnayak/.m2/repository/commons-collections/commons-collections/3.2.2/commons-collections-3.2.2.jar:/Users/adhokshnayak/.m2/repository/velocity-tools/velocity-tools/1.4/velocity-tools-1.4.jar:/Users/adhokshnayak/.m2/repository/joda-time/joda-time/2.10.2/joda-time-2.10.2.jar:/Users/adhokshnayak/.m2/repository/org/codehaus/plexus/plexus-utils/3.2.0/plexus-utils-3.2.0.jar:/Users/adhokshnayak/.m2/repository/com/googlecode/owasp-java-html-sanitizer/owasp-java-html-sanitizer/20190610.1/owasp-java-html-sanitizer-20190610.1.jar:/Users/adhokshnayak/.m2/repository/commons-configuration/commons-configuration/1.10/commons-configuration-1.10.jar:/Users/adhokshnayak/.m2/repository/io/cucumber/cucumber-core/1.2.6/cucumber-core-1.2.6.jar:/Users/adhokshnayak/.m2/repository/info/cukes/gherkin/2.12.2/gherkin-2.12.2.jar:/Users/adhokshnayak/.m2/repository/info/cukes/cucumber-jvm-deps/1.0.5/cucumber-jvm-deps-1.0.5.jar:/Users/adhokshnayak/.m2/repository/io/cucumber/cucumber-junit/1.2.6/cucumber-junit-1.2.6.jar:/Users/adhokshnayak/.m2/repository/io/cucumber/cucumber-picocontainer/1.2.6/cucumber-picocontainer-1.2.6.jar:/Users/adhokshnayak/.m2/repository/io/cucumber/cucumber-java/1.2.6/cucumber-java-1.2.6.jar:/Users/adhokshnayak/.m2/repository/org/picocontainer/picocontainer/2.15/picocontainer-2.15.jar:/Users/adhokshnayak/.m2/repository/junit/junit/4.12/junit-4.12.jar:/Users/adhokshnayak/.m2/repository/org/hamcrest/hamcrest-core/1.3/hamcrest-core-1.3.jar:/Users/adhokshnayak/.m2/repository/io/cucumber/cucumber-testng/1.2.6/cucumber-testng-1.2.6.jar:/Users/adhokshnayak/.m2/repository/com/vimalselvam/cucumber-extentsreport/3.0.2/cucumber-extentsreport-3.0.2.jar:/Users/adhokshnayak/.m2/repository/org/apache/maven/shared/file-management/1.2.1/file-management-1.2.1.jar:/Users/adhokshnayak/.m2/repository/org/apache/maven/maven-plugin-api/2.0.6/maven-plugin-api-2.0.6.jar:/Users/adhokshnayak/.m2/repository/org/apache/maven/shared/maven-shared-io/1.1/maven-shared-io-1.1.jar:/Users/adhokshnayak/.m2/repository/org/apache/maven/maven-artifact/2.0.2/maven-artifact-2.0.2.jar:/Users/adhokshnayak/.m2/repository/org/apache/maven/maven-artifact-manager/2.0.2/maven-artifact-manager-2.0.2.jar:/Users/adhokshnayak/.m2/repository/org/apache/maven/maven-repository-metadata/2.0.2/maven-repository-metadata-2.0.2.jar:/Users/adhokshnayak/.m2/repository/org/apache/maven/wagon/wagon-provider-api/1.0-alpha-6/wagon-provider-api-1.0-alpha-6.jar:/Users/adhokshnayak/.m2/repository/org/codehaus/plexus/plexus-container-default/1.0-alpha-9/plexus-container-default-1.0-alpha-9.jar:/Users/adhokshnayak/.m2/repository/classworlds/classworlds/1.1-alpha-2/classworlds-1.1-alpha-2.jar:"/>
    <property name="sun.cpu.endian" value="little"/>
    <property name="user.home" value="/Users/adhokshnayak"/>
    <property name="user.language" value="en"/>
    <property name="java.specification.vendor" value="Oracle Corporation"/>
    <property name="java.home" value="/Library/Java/JavaVirtualMachines/jdk1.8.0_231.jdk/Contents/Home/jre"/>
    <property name="basedir" value="/Users/adhokshnayak/eclipse-workspace/86400BankTest"/>
    <property name="file.separator" value="/"/>
    <property name="line.separator" value="&#10;"/>
    <property name="java.vm.specification.vendor" value="Oracle Corporation"/>
    <property name="java.specification.name" value="Java Platform API Specification"/>
    <property name="java.awt.graphicsenv" value="sun.awt.CGraphicsEnvironment"/>
    <property name="surefire.real.class.path" value="/Users/adhokshnayak/eclipse-workspace/86400BankTest/target/surefire/surefirebooter6283199310677073090.jar"/>
    <property name="sun.boot.class.path" value="/Library/Java/JavaVirtualMachines/jdk1.8.0_231.jdk/Contents/Home/jre/lib/resources.jar:/Library/Java/JavaVirtualMachines/jdk1.8.0_231.jdk/Contents/Home/jre/lib/rt.jar:/Library/Java/JavaVirtualMachines/jdk1.8.0_231.jdk/Contents/Home/jre/lib/sunrsasign.jar:/Library/Java/JavaVirtualMachines/jdk1.8.0_231.jdk/Contents/Home/jre/lib/jsse.jar:/Library/Java/JavaVirtualMachines/jdk1.8.0_231.jdk/Contents/Home/jre/lib/jce.jar:/Library/Java/JavaVirtualMachines/jdk1.8.0_231.jdk/Contents/Home/jre/lib/charsets.jar:/Library/Java/JavaVirtualMachines/jdk1.8.0_231.jdk/Contents/Home/jre/lib/jfr.jar:/Library/Java/JavaVirtualMachines/jdk1.8.0_231.jdk/Contents/Home/jre/classes"/>
    <property name="sun.management.compiler" value="HotSpot 64-Bit Tiered Compilers"/>
    <property name="ftp.nonProxyHosts" value="local|*.local|169.254/16|*.169.254/16"/>
    <property name="java.runtime.version" value="1.8.0_231-b11"/>
    <property name="user.name" value="adhokshnayak"/>
    <property name="path.separator" value=":"/>
    <property name="os.version" value="10.15"/>
    <property name="java.endorsed.dirs" value="/Library/Java/JavaVirtualMachines/jdk1.8.0_231.jdk/Contents/Home/jre/lib/endorsed"/>
    <property name="java.runtime.name" value="Java(TM) SE Runtime Environment"/>
    <property name="file.encoding" value="UTF-8"/>
    <property name="java.vm.name" value="Java HotSpot(TM) 64-Bit Server VM"/>
    <property name="localRepository" value="/Users/adhokshnayak/.m2/repository"/>
    <property name="java.vendor.url.bug" value="http://bugreport.sun.com/bugreport/"/>
    <property name="java.io.tmpdir" value="/var/folders/v2/v3chrg7s13jbjbqyqy90_3980000gn/T/"/>
    <property name="java.version" value="1.8.0_231"/>
    <property name="user.dir" value="/Users/adhokshnayak/eclipse-workspace/86400BankTest"/>
    <property name="os.arch" value="x86_64"/>
    <property name="java.vm.specification.name" value="Java Virtual Machine Specification"/>
    <property name="java.awt.printerjob" value="sun.lwawt.macosx.CPrinterJob"/>
    <property name="sun.os.patch.level" value="unknown"/>
    <property name="java.library.path" value="/Users/adhokshnayak/Library/Java/Extensions:/Library/Java/Extensions:/Network/Library/Java/Extensions:/System/Library/Java/Extensions:/usr/lib/java:."/>
    <property name="java.vm.info" value="mixed mode"/>
    <property name="java.vendor" value="Oracle Corporation"/>
    <property name="java.vm.version" value="25.231-b11"/>
    <property name="java.ext.dirs" value="/Users/adhokshnayak/Library/Java/Extensions:/Library/Java/JavaVirtualMachines/jdk1.8.0_231.jdk/Contents/Home/jre/lib/ext:/Library/Java/Extensions:/Network/Library/Java/Extensions:/System/Library/Java/Extensions:/usr/lib/java"/>
    <property name="sun.io.unicode.encoding" value="UnicodeBig"/>
    <property name="java.class.version" value="52.0"/>
    <property name="socksNonProxyHosts" value="local|*.local|169.254/16|*.169.254/16"/>
  </properties>
  <testcase name="feature" classname="app.runner.TestRunner1" time="52.588"/>
</testsuite>