<?xml version="1.0" encoding="UTF-8"?>
<!-- Generated by org.testng.reporters.JUnitReportReporter -->
<testsuite hostname="192-168-1-124.tpgi.com.au" failures="0" tests="1" name="app.runner.TestRunner1" time="79.258" errors="0" timestamp="2019-11-26T11:07:12 AEDT" skipped="0">
  <testcase classname="app.runner.TestRunner1" name="feature" time="79.258"/>
</testsuite> <!-- app.runner.TestRunner1 -->
