<?xml version="1.0" encoding="UTF-8"?>
<!-- Generated by org.testng.reporters.JUnitReportReporter -->
<testsuite skipped="0" hostname="192-168-1-124.tpgi.com.au" name="app.runner.TestRunner1" tests="1" failures="0" timestamp="2019-11-26T11:14:06 AEDT" time="52.583" errors="0">
  <testcase name="feature" time="52.583" classname="app.runner.TestRunner1"/>
</testsuite> <!-- app.runner.TestRunner1 -->
